<?xml version="1.0" encoding="UTF-8"?>
<testsuite xmlns:xsi="http://www.w3.org/2001/XMLSchema-instance" xsi:noNamespaceSchemaLocation="https://maven.apache.org/surefire/maven-surefire-plugin/xsd/surefire-test-report-3.0.xsd" version="3.0" name="com.smarthospital.service.PatientServiceImplTest" time="0.647" tests="14" errors="0" skipped="0" failures="0">
  <properties>
[...]
</properties>
  <testcase name="waitingTimeForPatientNotInQueueThrows" classname="com.smarthospital.service.PatientServiceImplTest" time="0.513"/>
  <testcase name="cancelWorks" classname="com.smarthospital.service.PatientServiceImplTest" time="0.011">
    <system-out><![CDATA[2026-08-02T00:07:40.132+05:30  INFO 14740 --- [smart-hospital-backend] [           main] c.s.service.PatientServiceImpl           : Patient P001 moved from WAITING to CANCELLED
]]></system-out>
  </testcase>
  <testcase name="completeComputesWaitMinutes" classname="com.smarthospital.service.PatientServiceImplTest" time="0.005">
    <system-out><![CDATA[2026-08-02T00:07:40.142+05:30  INFO 14740 --- [smart-hospital-backend] [           main] c.s.service.PatientServiceImpl           : Patient P001 moved from IN_CONSULTATION to COMPLETED
]]></system-out>
  </testcase>
  <testcase name="waitingTimeUsesPositionInPriorityOrder" classname="com.smarthospital.service.PatientServiceImplTest" time="0.004"/>
  <testcase name="deleteCancelledPatientSucceeds" classname="com.smarthospital.service.PatientServiceImplTest" time="0.017">
    <system-out><![CDATA[2026-08-02T00:07:40.155+05:30  INFO 14740 --- [smart-hospital-backend] [           main] c.s.service.PatientServiceImpl           : Deleted patient P001
]]></system-out>
  </testcase>
  <testcase name="getPatientByIdNotFoundThrows" classname="com.smarthospital.service.PatientServiceImplTest" time="0.003"/>
  <testcase name="registerGeneratesSequentialPatientId" classname="com.smarthospital.service.PatientServiceImplTest" time="0.004">
    <system-out><![CDATA[2026-08-02T00:07:40.177+05:30  INFO 14740 --- [smart-hospital-backend] [           main] c.s.service.PatientServiceImpl           : Registered patient P007 (John Doe)
]]></system-out>
  </testcase>
  <testcase name="completedIsTerminal" classname="com.smarthospital.service.PatientServiceImplTest" time="0.003"/>
  <testcase name="registerEmergencyWithoutValidPriorityThrows" classname="com.smarthospital.service.PatientServiceImplTest" time="0.003"/>
  <testcase name="invalidTransitionThrows" classname="com.smarthospital.service.PatientServiceImplTest" time="0.002"/>
  <testcase name="getActiveQueueUsesActiveStatusesAndPrioritySort" classname="com.smarthospital.service.PatientServiceImplTest" time="0.047"/>
  <testcase name="registerNonEmergencyForcesZeroPriority" classname="com.smarthospital.service.PatientServiceImplTest" time="0.003">
    <system-out><![CDATA[2026-08-02T00:07:40.241+05:30  INFO 14740 --- [smart-hospital-backend] [           main] c.s.service.PatientServiceImpl           : Registered patient P001 (Normal)
]]></system-out>
  </testcase>
  <testcase name="updateStatusWaitingToConsultationSucceeds" classname="com.smarthospital.service.PatientServiceImplTest" time="0.002">
    <system-out><![CDATA[2026-08-02T00:07:40.245+05:30  INFO 14740 --- [smart-hospital-backend] [           main] c.s.service.PatientServiceImpl           : Patient P001 moved from WAITING to IN_CONSULTATION
]]></system-out>
  </testcase>
  <testcase name="deleteActivePatientRejected" classname="com.smarthospital.service.PatientServiceImplTest" time="0.004"/>
</testsuite>